{
  "stats": {
    "suites": 9,
    "tests": 24,
    "passes": 23,
    "pending": 0,
    "failures": 1,
    "start": "2021-08-20T12:37:36.891Z",
    "end": "2021-08-20T12:37:36.983Z",
    "duration": 92,
    "testsRegistered": 24,
    "passPercent": 95.83333333333334,
    "pendingPercent": 0,
    "other": 0,
    "hasOther": false,
    "skipped": 0,
    "hasSkipped": false
  },
  "results": [
    {
      "uuid": "20a38785-19f0-4d43-ac26-d2d3c368706f",
      "title": "",
      "fullFile": "",
      "file": "",
      "beforeHooks": [],
      "afterHooks": [],
      "tests": [],
      "suites": [
        {
          "uuid": "31e6824b-9f1a-4c91-8c02-be4b5f9bae59",
          "title": "--------- Api testing ------------",
          "fullFile": "F:\\node learn\\testing\\code improve\\testCase\\api.spec.js",
          "file": "\\testCase\\api.spec.js",
          "beforeHooks": [],
          "afterHooks": [],
          "tests": [
            {
              "title": "get user",
              "fullTitle": "--------- Api testing ------------ get user",
              "timedOut": false,
              "duration": 25,
              "state": "passed",
              "speed": "fast",
              "pass": true,
              "fail": false,
              "pending": false,
              "context": null,
              "code": "chai.request('https://jsonplaceholder.typicode.com')\n.get('/posts')\n.end((err,response) => {\n    expect(response.status).to.be.equal(200)\n    expect(response.body[0]).to.have.all.keys('userId','id','title','body');\n})",
              "err": {},
              "uuid": "1b4fb0dc-5481-4374-9c57-8f8eef3a1e88",
              "parentUUID": "31e6824b-9f1a-4c91-8c02-be4b5f9bae59",
              "isHook": false,
              "skipped": false
            }
          ],
          "suites": [],
          "passes": [
            "1b4fb0dc-5481-4374-9c57-8f8eef3a1e88"
          ],
          "failures": [],
          "pending": [],
          "skipped": [],
          "duration": 25,
          "root": false,
          "rootEmpty": false,
          "_timeout": 2000
        },
        {
          "uuid": "caaf88c7-dd22-4daa-b9a8-49dc8952dbe2",
          "title": "Aspect check",
          "fullFile": "F:\\node learn\\testing\\code improve\\testCase\\chai.spec.js",
          "file": "\\testCase\\chai.spec.js",
          "beforeHooks": [],
          "afterHooks": [],
          "tests": [
            {
              "title": "check string",
              "fullTitle": "Aspect check check string",
              "timedOut": false,
              "duration": 0,
              "state": "passed",
              "speed": "fast",
              "pass": true,
              "fail": false,
              "pending": false,
              "context": null,
              "code": "assert.typeOf(username, 'string');",
              "err": {},
              "uuid": "f268a5ac-f997-4d73-9057-df6391bce63c",
              "parentUUID": "caaf88c7-dd22-4daa-b9a8-49dc8952dbe2",
              "isHook": false,
              "skipped": false
            },
            {
              "title": "check equal string",
              "fullTitle": "Aspect check check equal string",
              "timedOut": false,
              "duration": 0,
              "state": "passed",
              "speed": "fast",
              "pass": true,
              "fail": false,
              "pending": false,
              "context": null,
              "code": "assert.equal(username, 'tarun');",
              "err": {},
              "uuid": "50633ac1-df89-4859-812e-72a63d4bf507",
              "parentUUID": "caaf88c7-dd22-4daa-b9a8-49dc8952dbe2",
              "isHook": false,
              "skipped": false
            },
            {
              "title": "check length",
              "fullTitle": "Aspect check check length",
              "timedOut": false,
              "duration": 1,
              "state": "passed",
              "speed": "fast",
              "pass": true,
              "fail": false,
              "pending": false,
              "context": null,
              "code": "assert.lengthOf(mylist, 2);",
              "err": {},
              "uuid": "634083ff-2dd1-4949-a993-ab2005ad43ee",
              "parentUUID": "caaf88c7-dd22-4daa-b9a8-49dc8952dbe2",
              "isHook": false,
              "skipped": false
            }
          ],
          "suites": [],
          "passes": [
            "f268a5ac-f997-4d73-9057-df6391bce63c",
            "50633ac1-df89-4859-812e-72a63d4bf507",
            "634083ff-2dd1-4949-a993-ab2005ad43ee"
          ],
          "failures": [],
          "pending": [],
          "skipped": [],
          "duration": 1,
          "root": false,
          "rootEmpty": false,
          "_timeout": 2000
        },
        {
          "uuid": "6f086099-1551-4c4c-9855-e82fd1ca58d7",
          "title": "should check",
          "fullFile": "F:\\node learn\\testing\\code improve\\testCase\\chai.spec.js",
          "file": "\\testCase\\chai.spec.js",
          "beforeHooks": [],
          "afterHooks": [],
          "tests": [
            {
              "title": "check string",
              "fullTitle": "should check check string",
              "timedOut": false,
              "duration": 0,
              "state": "passed",
              "speed": "fast",
              "pass": true,
              "fail": false,
              "pending": false,
              "context": null,
              "code": "username.should.be.a('string');",
              "err": {},
              "uuid": "35b47635-85dc-4c1b-a701-71c1ece18c58",
              "parentUUID": "6f086099-1551-4c4c-9855-e82fd1ca58d7",
              "isHook": false,
              "skipped": false
            },
            {
              "title": "check equal string",
              "fullTitle": "should check check equal string",
              "timedOut": false,
              "duration": 0,
              "state": "passed",
              "speed": "fast",
              "pass": true,
              "fail": false,
              "pending": false,
              "context": null,
              "code": "username.should.be.equal(\"tarun\");",
              "err": {},
              "uuid": "3ef7e74c-6227-4598-be67-ddc3302c336d",
              "parentUUID": "6f086099-1551-4c4c-9855-e82fd1ca58d7",
              "isHook": false,
              "skipped": false
            },
            {
              "title": "check length",
              "fullTitle": "should check check length",
              "timedOut": false,
              "duration": 1,
              "state": "passed",
              "speed": "fast",
              "pass": true,
              "fail": false,
              "pending": false,
              "context": null,
              "code": "mylist.should.be.lengthOf(2);",
              "err": {},
              "uuid": "7fe1fd83-8c50-496e-9ed7-3615cc854327",
              "parentUUID": "6f086099-1551-4c4c-9855-e82fd1ca58d7",
              "isHook": false,
              "skipped": false
            }
          ],
          "suites": [],
          "passes": [
            "35b47635-85dc-4c1b-a701-71c1ece18c58",
            "3ef7e74c-6227-4598-be67-ddc3302c336d",
            "7fe1fd83-8c50-496e-9ed7-3615cc854327"
          ],
          "failures": [],
          "pending": [],
          "skipped": [],
          "duration": 1,
          "root": false,
          "rootEmpty": false,
          "_timeout": 2000
        },
        {
          "uuid": "fa8ee7c2-b6b9-42f1-b686-7e9f89c0fd89",
          "title": "expect check",
          "fullFile": "F:\\node learn\\testing\\code improve\\testCase\\chai.spec.js",
          "file": "\\testCase\\chai.spec.js",
          "beforeHooks": [],
          "afterHooks": [],
          "tests": [
            {
              "title": "check string",
              "fullTitle": "expect check check string",
              "timedOut": false,
              "duration": 1,
              "state": "passed",
              "speed": "fast",
              "pass": true,
              "fail": false,
              "pending": false,
              "context": null,
              "code": "expect(username).to.be.a('string');",
              "err": {},
              "uuid": "23cad804-f32c-4322-9c11-0d0b2eb15dde",
              "parentUUID": "fa8ee7c2-b6b9-42f1-b686-7e9f89c0fd89",
              "isHook": false,
              "skipped": false
            },
            {
              "title": "check equal string",
              "fullTitle": "expect check check equal string",
              "timedOut": false,
              "duration": 0,
              "state": "passed",
              "speed": "fast",
              "pass": true,
              "fail": false,
              "pending": false,
              "context": null,
              "code": "expect(username).to.equal('tarun');",
              "err": {},
              "uuid": "67b507cf-ea04-480a-a347-9bbc20261228",
              "parentUUID": "fa8ee7c2-b6b9-42f1-b686-7e9f89c0fd89",
              "isHook": false,
              "skipped": false
            },
            {
              "title": "check length",
              "fullTitle": "expect check check length",
              "timedOut": false,
              "duration": 0,
              "state": "passed",
              "speed": "fast",
              "pass": true,
              "fail": false,
              "pending": false,
              "context": null,
              "code": "expect(mylist).to.lengthOf(2);",
              "err": {},
              "uuid": "bbbb9a02-ee16-4e1e-bea2-1012a40df360",
              "parentUUID": "fa8ee7c2-b6b9-42f1-b686-7e9f89c0fd89",
              "isHook": false,
              "skipped": false
            },
            {
              "title": "Object length test",
              "fullTitle": "expect check Object length test",
              "timedOut": false,
              "duration": 0,
              "state": "passed",
              "speed": "fast",
              "pass": true,
              "fail": false,
              "pending": false,
              "context": null,
              "code": "expect(myobj).to.have.property('item2').with.lengthOf(2)",
              "err": {},
              "uuid": "cf40d927-d332-4161-91e0-a4fb2a7fa785",
              "parentUUID": "fa8ee7c2-b6b9-42f1-b686-7e9f89c0fd89",
              "isHook": false,
              "skipped": false
            },
            {
              "title": "check Object keys",
              "fullTitle": "expect check check Object keys",
              "timedOut": false,
              "duration": 1,
              "state": "passed",
              "speed": "fast",
              "pass": true,
              "fail": false,
              "pending": false,
              "context": null,
              "code": "expect(myobj).to.have.all.keys(\"item\",\"name\",\"item2\",\"address\");",
              "err": {},
              "uuid": "2438e5ef-53b0-4cc5-90ea-72ba37c6aee9",
              "parentUUID": "fa8ee7c2-b6b9-42f1-b686-7e9f89c0fd89",
              "isHook": false,
              "skipped": false
            },
            {
              "title": "Check address in object",
              "fullTitle": "expect check Check address in object",
              "timedOut": false,
              "duration": 1,
              "state": "passed",
              "speed": "fast",
              "pass": true,
              "fail": false,
              "pending": false,
              "context": null,
              "code": "expect(myobj).to.have.nested.property(\"address.phone\").length(2)",
              "err": {},
              "uuid": "bc6ba0c3-523b-4460-ac5a-77d57d378717",
              "parentUUID": "fa8ee7c2-b6b9-42f1-b686-7e9f89c0fd89",
              "isHook": false,
              "skipped": false
            },
            {
              "title": "Check place",
              "fullTitle": "expect check Check place",
              "timedOut": false,
              "duration": 0,
              "state": "passed",
              "speed": "fast",
              "pass": true,
              "fail": false,
              "pending": false,
              "context": null,
              "code": "expect(myobj).to.have.nested.include({'address.place':\"delhi\"});",
              "err": {},
              "uuid": "ed1aa18b-b76b-4ace-a008-e4d5d5dbdadb",
              "parentUUID": "fa8ee7c2-b6b9-42f1-b686-7e9f89c0fd89",
              "isHook": false,
              "skipped": false
            }
          ],
          "suites": [],
          "passes": [
            "23cad804-f32c-4322-9c11-0d0b2eb15dde",
            "67b507cf-ea04-480a-a347-9bbc20261228",
            "bbbb9a02-ee16-4e1e-bea2-1012a40df360",
            "cf40d927-d332-4161-91e0-a4fb2a7fa785",
            "2438e5ef-53b0-4cc5-90ea-72ba37c6aee9",
            "bc6ba0c3-523b-4460-ac5a-77d57d378717",
            "ed1aa18b-b76b-4ace-a008-e4d5d5dbdadb"
          ],
          "failures": [],
          "pending": [],
          "skipped": [],
          "duration": 3,
          "root": false,
          "rootEmpty": false,
          "_timeout": 2000
        },
        {
          "uuid": "5ffc81c7-0817-4e03-b4e9-ffb883b567a8",
          "title": "handling hooks",
          "fullFile": "F:\\node learn\\testing\\code improve\\testCase\\hooks.spec.js",
          "file": "\\testCase\\hooks.spec.js",
          "beforeHooks": [
            {
              "title": "\"before all\" hook in \"handling hooks\"",
              "fullTitle": "handling hooks \"before all\" hook in \"handling hooks\"",
              "timedOut": false,
              "duration": 0,
              "state": null,
              "speed": null,
              "pass": false,
              "fail": false,
              "pending": false,
              "context": null,
              "code": "console.log('---first---');",
              "err": {},
              "uuid": "51e62e3d-71f0-45fe-ac01-e119dc77a933",
              "parentUUID": "5ffc81c7-0817-4e03-b4e9-ffb883b567a8",
              "isHook": true,
              "skipped": false
            },
            {
              "title": "\"before each\" hook in \"handling hooks\"",
              "fullTitle": "handling hooks \"before each\" hook in \"handling hooks\"",
              "timedOut": false,
              "duration": 0,
              "state": null,
              "speed": null,
              "pass": false,
              "fail": false,
              "pending": false,
              "context": null,
              "code": "console.log('---before every---');",
              "err": {},
              "uuid": "199acb65-0509-4546-9e06-006ec5d72d5d",
              "parentUUID": "5ffc81c7-0817-4e03-b4e9-ffb883b567a8",
              "isHook": true,
              "skipped": false
            }
          ],
          "afterHooks": [
            {
              "title": "\"after all\" hook in \"handling hooks\"",
              "fullTitle": "handling hooks \"after all\" hook in \"handling hooks\"",
              "timedOut": false,
              "duration": 0,
              "state": null,
              "speed": null,
              "pass": false,
              "fail": false,
              "pending": false,
              "context": null,
              "code": "console.log('---last---');",
              "err": {},
              "uuid": "37a2d3e0-6108-4c38-8d22-6d2191f3a6ec",
              "parentUUID": "5ffc81c7-0817-4e03-b4e9-ffb883b567a8",
              "isHook": true,
              "skipped": false
            },
            {
              "title": "\"after each\" hook in \"handling hooks\"",
              "fullTitle": "handling hooks \"after each\" hook in \"handling hooks\"",
              "timedOut": false,
              "duration": 0,
              "state": null,
              "speed": null,
              "pass": false,
              "fail": false,
              "pending": false,
              "context": null,
              "code": "console.log('---after every---');",
              "err": {},
              "uuid": "11a1eea0-fcfb-465b-b10f-25798f7ec3b4",
              "parentUUID": "5ffc81c7-0817-4e03-b4e9-ffb883b567a8",
              "isHook": true,
              "skipped": false
            }
          ],
          "tests": [
            {
              "title": "check string",
              "fullTitle": "handling hooks check string",
              "timedOut": false,
              "duration": 0,
              "state": "passed",
              "speed": "fast",
              "pass": true,
              "fail": false,
              "pending": false,
              "context": null,
              "code": "expect(data).to.be.a('string');",
              "err": {},
              "uuid": "838c2faa-afb0-42fb-acf2-d88114c9e0f5",
              "parentUUID": "5ffc81c7-0817-4e03-b4e9-ffb883b567a8",
              "isHook": false,
              "skipped": false
            },
            {
              "title": "validating string",
              "fullTitle": "handling hooks validating string",
              "timedOut": false,
              "duration": 0,
              "state": "passed",
              "speed": "fast",
              "pass": true,
              "fail": false,
              "pending": false,
              "context": null,
              "code": "expect(data).to.be.equal(\"tarun\");",
              "err": {},
              "uuid": "2438e4d1-3dea-4132-9009-c5958d4a52a6",
              "parentUUID": "5ffc81c7-0817-4e03-b4e9-ffb883b567a8",
              "isHook": false,
              "skipped": false
            }
          ],
          "suites": [],
          "passes": [
            "838c2faa-afb0-42fb-acf2-d88114c9e0f5",
            "2438e4d1-3dea-4132-9009-c5958d4a52a6"
          ],
          "failures": [],
          "pending": [],
          "skipped": [],
          "duration": 0,
          "root": false,
          "rootEmpty": false,
          "_timeout": 2000
        },
        {
          "uuid": "d92435c0-a395-4546-a1ce-e26389923fe8",
          "title": "handling 2",
          "fullFile": "F:\\node learn\\testing\\code improve\\testCase\\hooks.spec.js",
          "file": "\\testCase\\hooks.spec.js",
          "beforeHooks": [],
          "afterHooks": [],
          "tests": [
            {
              "title": "check string",
              "fullTitle": "handling 2 check string",
              "timedOut": false,
              "duration": 0,
              "state": "passed",
              "speed": "fast",
              "pass": true,
              "fail": false,
              "pending": false,
              "context": null,
              "code": "expect(data).to.be.a('string');",
              "err": {},
              "uuid": "f57e50c3-9090-40dd-a3e7-7fba70ed5064",
              "parentUUID": "d92435c0-a395-4546-a1ce-e26389923fe8",
              "isHook": false,
              "skipped": false
            },
            {
              "title": "validating string",
              "fullTitle": "handling 2 validating string",
              "timedOut": false,
              "duration": 0,
              "state": "passed",
              "speed": "fast",
              "pass": true,
              "fail": false,
              "pending": false,
              "context": null,
              "code": "expect(data).to.be.equal(\"tarun\");",
              "err": {},
              "uuid": "d9936447-cf9b-451e-a317-6216674805d5",
              "parentUUID": "d92435c0-a395-4546-a1ce-e26389923fe8",
              "isHook": false,
              "skipped": false
            }
          ],
          "suites": [],
          "passes": [
            "f57e50c3-9090-40dd-a3e7-7fba70ed5064",
            "d9936447-cf9b-451e-a317-6216674805d5"
          ],
          "failures": [],
          "pending": [],
          "skipped": [],
          "duration": 0,
          "root": false,
          "rootEmpty": false,
          "_timeout": 2000
        },
        {
          "uuid": "ae6708fe-2b22-4955-b370-06491bd7b351",
          "title": "----------- Mock Api Test ----------------",
          "fullFile": "F:\\node learn\\testing\\code improve\\testCase\\nock.spec.js",
          "file": "\\testCase\\nock.spec.js",
          "beforeHooks": [],
          "afterHooks": [],
          "tests": [
            {
              "title": "api test",
              "fullTitle": "----------- Mock Api Test ---------------- api test",
              "timedOut": false,
              "duration": 3,
              "state": "passed",
              "speed": "fast",
              "pass": true,
              "fail": false,
              "pending": false,
              "context": null,
              "code": "let obj = {status:'ok',status:200,data:[]};\nconst apihit = nock('https://jsonplaceholder.typicode.com')\n.get('/posts')\n.reply(200,obj)\nstudentobj.thirdPartyApi()\n.then((record) => {\n    expect(record).to.be.eql(obj);\n    done();\n})\n.catch(err => {\n    done(new Error('Error: ',err))\n})",
              "err": {},
              "uuid": "5c70a77a-926c-4cf7-a55b-b2972b632c62",
              "parentUUID": "ae6708fe-2b22-4955-b370-06491bd7b351",
              "isHook": false,
              "skipped": false
            }
          ],
          "suites": [],
          "passes": [
            "5c70a77a-926c-4cf7-a55b-b2972b632c62"
          ],
          "failures": [],
          "pending": [],
          "skipped": [],
          "duration": 3,
          "root": false,
          "rootEmpty": false,
          "_timeout": 2000
        },
        {
          "uuid": "58a2e457-df7d-4bdb-9ac6-cbeaf4367950",
          "title": "------- Promise ---------------------",
          "fullFile": "F:\\node learn\\testing\\code improve\\testCase\\Promise.spec.js",
          "file": "\\testCase\\Promise.spec.js",
          "beforeHooks": [],
          "afterHooks": [],
          "tests": [
            {
              "title": "check value function",
              "fullTitle": "------- Promise --------------------- check value function",
              "timedOut": false,
              "duration": 0,
              "state": "passed",
              "speed": "fast",
              "pass": true,
              "fail": false,
              "pending": false,
              "context": null,
              "code": "studentobj.dbData().then(res =>{\n    expect(res).to.be.equal(10);\n    done();\n})",
              "err": {},
              "uuid": "4046aa7f-fa4e-4384-8921-1cfd7a62ee6e",
              "parentUUID": "58a2e457-df7d-4bdb-9ac6-cbeaf4367950",
              "isHook": false,
              "skipped": false
            },
            {
              "title": "check value function",
              "fullTitle": "------- Promise --------------------- check value function",
              "timedOut": false,
              "duration": 0,
              "state": "passed",
              "speed": "fast",
              "pass": true,
              "fail": false,
              "pending": false,
              "context": null,
              "code": "expect(studentobj.dbData()).to.eventually.equal(10);",
              "err": {},
              "uuid": "d3732be3-c0d1-45cf-ae72-c5f1a435fb3e",
              "parentUUID": "58a2e457-df7d-4bdb-9ac6-cbeaf4367950",
              "isHook": false,
              "skipped": false
            }
          ],
          "suites": [],
          "passes": [
            "4046aa7f-fa4e-4384-8921-1cfd7a62ee6e",
            "d3732be3-c0d1-45cf-ae72-c5f1a435fb3e"
          ],
          "failures": [],
          "pending": [],
          "skipped": [],
          "duration": 0,
          "root": false,
          "rootEmpty": false,
          "_timeout": 2000
        },
        {
          "uuid": "ce50b9ae-2961-4c94-b0a5-fbde2ceddfd1",
          "title": "------- Spay ---------------------",
          "fullFile": "F:\\node learn\\testing\\code improve\\testCase\\spay.spec.js",
          "file": "\\testCase\\spay.spec.js",
          "beforeHooks": [],
          "afterHooks": [],
          "tests": [
            {
              "title": "test user function",
              "fullTitle": "------- Spay --------------------- test user function",
              "timedOut": false,
              "duration": 0,
              "state": "passed",
              "speed": "fast",
              "pass": true,
              "fail": false,
              "pending": false,
              "context": null,
              "code": "expect(studentobj.userId()).to.be.equal(12);",
              "err": {},
              "uuid": "303bf1aa-5641-469c-ba05-7280a3dc62d2",
              "parentUUID": "ce50b9ae-2961-4c94-b0a5-fbde2ceddfd1",
              "isHook": false,
              "skipped": false
            },
            {
              "title": "calling of getInfo function count",
              "fullTitle": "------- Spay --------------------- calling of getInfo function count",
              "timedOut": false,
              "duration": 1,
              "state": "passed",
              "speed": "fast",
              "pass": true,
              "fail": false,
              "pending": false,
              "context": null,
              "code": "let spyObj = sinon.spy(studentobj, 'getInfo');\nstudentobj.home();\nexpect(spyObj.calledOnce).to.be.true;",
              "err": {},
              "uuid": "46e018ba-878f-4afc-8133-4fb26acf64a2",
              "parentUUID": "ce50b9ae-2961-4c94-b0a5-fbde2ceddfd1",
              "isHook": false,
              "skipped": false
            },
            {
              "title": "Check arguments",
              "fullTitle": "------- Spay --------------------- Check arguments",
              "timedOut": false,
              "duration": 1,
              "state": "failed",
              "speed": null,
              "pass": false,
              "fail": true,
              "pending": false,
              "context": null,
              "code": "let spyObj = sinon.spy(studentobj, 'getInfo');\nstudentobj.home();\nexpect(spyObj.calledOnce).to.be.true;",
              "err": {
                "message": "TypeError: Attempted to wrap getInfo which is already wrapped",
                "estack": "TypeError: Attempted to wrap getInfo which is already wrapped\n    at checkWrappedMethod (node_modules\\sinon\\lib\\sinon\\util\\core\\wrap-method.js:64:21)\n    at wrapMethod (node_modules\\sinon\\lib\\sinon\\util\\core\\wrap-method.js:135:13)\n    at Function.spy (node_modules\\sinon\\lib\\sinon\\spy.js:180:16)\n    at Sandbox.spy (node_modules\\sinon\\lib\\sinon\\sandbox.js:383:35)\n    at Context.<anonymous> (testCase\\spay.spec.js:26:28)\n    at processImmediate (internal/timers.js:461:21)\n--------------\nError: Stack Trace for original\n    at extendObjectWithWrappedMethods (node_modules\\sinon\\lib\\sinon\\util\\core\\wrap-method.js:169:34)\n    at wrapMethod (node_modules\\sinon\\lib\\sinon\\util\\core\\wrap-method.js:157:5)\n    at Function.spy (node_modules\\sinon\\lib\\sinon\\spy.js:180:16)\n    at Sandbox.spy (node_modules\\sinon\\lib\\sinon\\sandbox.js:383:35)\n    at Context.<anonymous> (testCase\\spay.spec.js:20:28)\n    at processImmediate (internal/timers.js:461:21)",
                "diff": null
              },
              "uuid": "f18c30ed-77aa-47ac-89f4-6a9870e20703",
              "parentUUID": "ce50b9ae-2961-4c94-b0a5-fbde2ceddfd1",
              "isHook": false,
              "skipped": false
            }
          ],
          "suites": [],
          "passes": [
            "303bf1aa-5641-469c-ba05-7280a3dc62d2",
            "46e018ba-878f-4afc-8133-4fb26acf64a2"
          ],
          "failures": [
            "f18c30ed-77aa-47ac-89f4-6a9870e20703"
          ],
          "pending": [],
          "skipped": [],
          "duration": 2,
          "root": false,
          "rootEmpty": false,
          "_timeout": 2000
        }
      ],
      "passes": [],
      "failures": [],
      "pending": [],
      "skipped": [],
      "duration": 0,
      "root": true,
      "rootEmpty": true,
      "_timeout": 2000
    }
  ],
  "meta": {
    "mocha": {
      "version": "9.0.3"
    },
    "mochawesome": {
      "options": {
        "quiet": false,
        "reportFilename": "mochawesome",
        "saveHtml": true,
        "saveJson": true,
        "consoleReporter": "spec",
        "useInlineDiffs": false,
        "code": true
      },
      "version": "6.2.2"
    },
    "marge": {
      "options": null,
      "version": "5.2.0"
    }
  }
}